2020-11-03 10:54:37,762 INFO (StartupInfoLogger.java:55)- Starting PlatemesApplication on WIN-78K7V47GIDT with PID 11900 (E:\javaCode\springboot-idea\target\classes started by Administrator in E:\javaCode\springboot-idea)
2020-11-03 10:54:37,769 INFO (SpringApplication.java:651)- No active profile set, falling back to default profiles: default
2020-11-03 11:01:12,019 INFO (StartupInfoLogger.java:55)- Starting PlatemesApplication on WIN-78K7V47GIDT with PID 12676 (E:\javaCode\springboot-idea\target\classes started by Administrator in E:\javaCode\springboot-idea)
2020-11-03 11:01:12,021 INFO (SpringApplication.java:651)- No active profile set, falling back to default profiles: default
2020-11-03 12:38:31,454 INFO (StartupInfoLogger.java:55)- Starting PlatemesApplication on WIN-78K7V47GIDT with PID 12020 (E:\javaCode\springboot-idea\target\classes started by Administrator in E:\javaCode\springboot-idea)
2020-11-03 12:38:31,469 INFO (SpringApplication.java:651)- No active profile set, falling back to default profiles: default
2020-11-03 12:40:18,500 INFO (StartupInfoLogger.java:55)- Starting PlatemesApplication on WIN-78K7V47GIDT with PID 21516 (E:\javaCode\springboot-idea\target\classes started by Administrator in E:\javaCode\springboot-idea)
2020-11-03 12:40:18,503 INFO (SpringApplication.java:651)- No active profile set, falling back to default profiles: default
2020-11-03 12:40:24,860 INFO (StartupInfoLogger.java:61)- Started PlatemesApplication in 6.973 seconds (JVM running for 8.699)
2020-11-03 12:45:03,580 INFO (factoryBasController.java:28)- this is info
2020-11-03 12:45:03,581 WARN (factoryBasController.java:29)- this is warn
2020-11-03 12:45:03,581 ERROR (factoryBasController.java:30)- this is error
2020-11-03 12:49:32,232 INFO (StartupInfoLogger.java:55)- Starting PlatemesApplication on WIN-78K7V47GIDT with PID 12860 (E:\javaCode\springboot-idea\target\classes started by Administrator in E:\javaCode\springboot-idea)
2020-11-03 12:49:32,235 INFO (SpringApplication.java:651)- No active profile set, falling back to default profiles: default
2020-11-03 12:49:38,666 INFO (StartupInfoLogger.java:61)- Started PlatemesApplication in 6.957 seconds (JVM running for 8.944)
2020-11-03 12:51:36,206 INFO (StartupInfoLogger.java:55)- Starting PlatemesApplication on WIN-78K7V47GIDT with PID 10196 (E:\javaCode\springboot-idea\target\classes started by Administrator in E:\javaCode\springboot-idea)
2020-11-03 12:51:36,210 INFO (SpringApplication.java:651)- No active profile set, falling back to default profiles: default
2020-11-03 12:51:42,409 INFO (StartupInfoLogger.java:61)- Started PlatemesApplication in 6.856 seconds (JVM running for 8.527)
2020-11-03 12:54:31,753 INFO (StartupInfoLogger.java:55)- Starting PlatemesApplication on WIN-78K7V47GIDT with PID 1452 (E:\javaCode\springboot-idea\target\classes started by Administrator in E:\javaCode\springboot-idea)
2020-11-03 12:54:31,756 INFO (SpringApplication.java:651)- No active profile set, falling back to default profiles: default
2020-11-03 12:54:38,246 INFO (StartupInfoLogger.java:61)- Started PlatemesApplication in 7.067 seconds (JVM running for 8.739)
2020-11-03 12:59:15,893 INFO (StartupInfoLogger.java:55)- Starting PlatemesApplication on WIN-78K7V47GIDT with PID 14672 (E:\javaCode\springboot-idea\target\classes started by Administrator in E:\javaCode\springboot-idea)
2020-11-03 12:59:15,896 INFO (SpringApplication.java:651)- No active profile set, falling back to default profiles: default
2020-11-03 12:59:21,985 INFO (StartupInfoLogger.java:61)- Started PlatemesApplication in 6.646 seconds (JVM running for 8.394)
2020-11-03 13:03:31,782 INFO (StartupInfoLogger.java:55)- Starting PlatemesApplication on WIN-78K7V47GIDT with PID 8096 (E:\javaCode\springboot-idea\target\classes started by Administrator in E:\javaCode\springboot-idea)
2020-11-03 13:03:31,785 INFO (SpringApplication.java:651)- No active profile set, falling back to default profiles: default
2020-11-03 13:03:37,897 INFO (StartupInfoLogger.java:61)- Started PlatemesApplication in 6.673 seconds (JVM running for 8.357)
2020-11-03 13:04:11,466 INFO (StartupInfoLogger.java:55)- Starting PlatemesApplication on WIN-78K7V47GIDT with PID 12340 (E:\javaCode\springboot-idea\target\classes started by Administrator in E:\javaCode\springboot-idea)
2020-11-03 13:04:11,468 INFO (SpringApplication.java:651)- No active profile set, falling back to default profiles: default
2020-11-03 13:04:17,654 INFO (StartupInfoLogger.java:61)- Started PlatemesApplication in 6.738 seconds (JVM running for 8.504)
2020-11-03 13:06:01,168 INFO (StartupInfoLogger.java:55)- Starting PlatemesApplication on WIN-78K7V47GIDT with PID 7872 (E:\javaCode\springboot-idea\target\classes started by Administrator in E:\javaCode\springboot-idea)
2020-11-03 13:06:01,171 INFO (SpringApplication.java:651)- No active profile set, falling back to default profiles: default
2020-11-03 13:06:07,308 INFO (StartupInfoLogger.java:61)- Started PlatemesApplication in 6.807 seconds (JVM running for 8.617)
2020-11-03 13:08:57,041 INFO (StartupInfoLogger.java:55)- Starting PlatemesApplication on WIN-78K7V47GIDT with PID 7800 (E:\javaCode\springboot-idea\target\classes started by Administrator in E:\javaCode\springboot-idea)
2020-11-03 13:08:57,045 INFO (SpringApplication.java:651)- No active profile set, falling back to default profiles: default
2020-11-03 13:09:03,307 INFO (StartupInfoLogger.java:61)- Started PlatemesApplication in 6.846 seconds (JVM running for 8.689)
2020-11-03 13:15:27,773 INFO (StartupInfoLogger.java:55)- Starting PlatemesApplication on WIN-78K7V47GIDT with PID 23264 (E:\javaCode\springboot-idea\target\classes started by Administrator in E:\javaCode\springboot-idea)
2020-11-03 13:15:27,776 INFO (SpringApplication.java:651)- No active profile set, falling back to default profiles: default
2020-11-03 13:15:34,432 INFO (StartupInfoLogger.java:61)- Started PlatemesApplication in 7.233 seconds (JVM running for 8.937)
2020-11-03 13:17:40,260 INFO (factoryBasController.java:28)- this is info
2020-11-03 13:17:40,260 WARN (factoryBasController.java:29)- this is warn
2020-11-03 13:17:40,261 ERROR (factoryBasController.java:30)- this is error
2020-11-03 13:20:25,705 INFO (factoryBasController.java:28)- this is info
2020-11-03 13:20:25,706 WARN (factoryBasController.java:29)- this is warn
2020-11-03 13:20:25,706 ERROR (factoryBasController.java:30)- this is error
2020-11-03 14:38:27,595 INFO (StartupInfoLogger.java:55)- Starting PlatemesApplication on WIN-78K7V47GIDT with PID 13148 (E:\javaCode\springboot-idea\target\classes started by Administrator in E:\javaCode\springboot-idea)
2020-11-03 14:38:27,599 INFO (SpringApplication.java:651)- No active profile set, falling back to default profiles: default
2020-11-03 14:38:35,371 INFO (StartupInfoLogger.java:61)- Started PlatemesApplication in 8.329 seconds (JVM running for 11.364)
2020-11-03 14:38:45,706 INFO (factoryBasController.java:28)- this is info
2020-11-03 14:38:45,706 WARN (factoryBasController.java:29)- this is warn
2020-11-03 14:38:45,707 ERROR (factoryBasController.java:30)- this is error
