2020-11-17 09:51:52,123 INFO (StartupInfoLogger.java:55)- Starting PlatemesApplicationTests on WIN-78K7V47GIDT with PID 15608 (started by Administrator in E:\javaCode\springboot-idea)
2020-11-17 09:51:52,157 INFO (SpringApplication.java:651)- No active profile set, falling back to default profiles: default
2020-11-17 09:52:02,690 INFO (StartupInfoLogger.java:61)- Started PlatemesApplicationTests in 10.966 seconds (JVM running for 13.699)
2020-11-17 09:54:34,815 INFO (StartupInfoLogger.java:55)- Starting PlatemesApplicationTests on WIN-78K7V47GIDT with PID 6648 (started by Administrator in E:\javaCode\springboot-idea)
2020-11-17 09:54:34,817 INFO (SpringApplication.java:651)- No active profile set, falling back to default profiles: default
2020-11-17 09:54:44,897 INFO (StartupInfoLogger.java:61)- Started PlatemesApplicationTests in 10.559 seconds (JVM running for 12.543)
2020-11-17 10:00:10,296 INFO (StartupInfoLogger.java:55)- Starting PlatemesApplicationTests on WIN-78K7V47GIDT with PID 15228 (started by Administrator in E:\javaCode\springboot-idea)
2020-11-17 10:00:10,297 INFO (SpringApplication.java:651)- No active profile set, falling back to default profiles: default
2020-11-17 10:00:19,965 INFO (StartupInfoLogger.java:61)- Started PlatemesApplicationTests in 10.139 seconds (JVM running for 11.824)
2020-11-17 10:02:48,207 INFO (StartupInfoLogger.java:55)- Starting PlatemesApplicationTests on WIN-78K7V47GIDT with PID 1080 (started by Administrator in E:\javaCode\springboot-idea)
2020-11-17 10:02:48,208 INFO (SpringApplication.java:651)- No active profile set, falling back to default profiles: default
2020-11-17 10:02:58,507 INFO (StartupInfoLogger.java:61)- Started PlatemesApplicationTests in 10.796 seconds (JVM running for 12.46)
2020-11-17 10:03:37,795 INFO (StartupInfoLogger.java:55)- Starting PlatemesApplicationTests on WIN-78K7V47GIDT with PID 11076 (started by Administrator in E:\javaCode\springboot-idea)
2020-11-17 10:03:37,796 INFO (SpringApplication.java:651)- No active profile set, falling back to default profiles: default
2020-11-17 10:03:46,389 INFO (StartupInfoLogger.java:61)- Started PlatemesApplicationTests in 9.037 seconds (JVM running for 10.35)
2020-11-17 10:14:17,589 INFO (StartupInfoLogger.java:55)- Starting PlatemesApplicationTests on WIN-78K7V47GIDT with PID 12388 (started by Administrator in E:\javaCode\springboot-idea)
2020-11-17 10:14:17,590 INFO (SpringApplication.java:651)- No active profile set, falling back to default profiles: default
2020-11-17 10:14:27,362 INFO (StartupInfoLogger.java:61)- Started PlatemesApplicationTests in 10.279 seconds (JVM running for 11.975)
2020-11-17 10:15:14,266 INFO (StartupInfoLogger.java:55)- Starting PlatemesApplicationTests on WIN-78K7V47GIDT with PID 7568 (started by Administrator in E:\javaCode\springboot-idea)
2020-11-17 10:15:14,267 INFO (SpringApplication.java:651)- No active profile set, falling back to default profiles: default
2020-11-17 10:15:23,925 INFO (StartupInfoLogger.java:61)- Started PlatemesApplicationTests in 10.109 seconds (JVM running for 12.031)
2020-11-17 10:16:55,603 INFO (StartupInfoLogger.java:55)- Starting PlatemesApplicationTests on WIN-78K7V47GIDT with PID 5792 (started by Administrator in E:\javaCode\springboot-idea)
2020-11-17 10:16:55,604 INFO (SpringApplication.java:651)- No active profile set, falling back to default profiles: default
2020-11-17 10:17:05,881 INFO (StartupInfoLogger.java:61)- Started PlatemesApplicationTests in 10.726 seconds (JVM running for 12.35)
2020-11-17 10:20:15,791 INFO (StartupInfoLogger.java:55)- Starting PlatemesApplicationTests on WIN-78K7V47GIDT with PID 16524 (started by Administrator in E:\javaCode\springboot-idea)
2020-11-17 10:20:15,793 INFO (SpringApplication.java:651)- No active profile set, falling back to default profiles: default
2020-11-17 10:20:25,804 INFO (StartupInfoLogger.java:61)- Started PlatemesApplicationTests in 10.469 seconds (JVM running for 12.151)
2020-11-17 15:01:38,465 INFO (StartupInfoLogger.java:55)- Starting PlatemesApplicationTests on WIN-78K7V47GIDT with PID 18508 (started by Administrator in E:\javaCode\springboot-idea)
2020-11-17 15:01:38,468 INFO (SpringApplication.java:651)- No active profile set, falling back to default profiles: default
2020-11-17 15:01:49,369 INFO (StartupInfoLogger.java:61)- Started PlatemesApplicationTests in 11.318 seconds (JVM running for 12.637)
2020-11-17 15:02:56,250 INFO (StartupInfoLogger.java:55)- Starting PlatemesApplication on WIN-78K7V47GIDT with PID 19844 (E:\javaCode\springboot-idea\target\classes started by Administrator in E:\javaCode\springboot-idea)
2020-11-17 15:02:56,252 INFO (SpringApplication.java:651)- No active profile set, falling back to default profiles: default
2020-11-17 15:03:01,923 INFO (StartupInfoLogger.java:61)- Started PlatemesApplication in 6.134 seconds (JVM running for 7.912)
2020-11-17 15:06:12,125 INFO (StartupInfoLogger.java:55)- Starting PlatemesApplication on WIN-78K7V47GIDT with PID 5552 (E:\javaCode\springboot-idea\target\classes started by Administrator in E:\javaCode\springboot-idea)
2020-11-17 15:06:12,128 INFO (SpringApplication.java:651)- No active profile set, falling back to default profiles: default
2020-11-17 15:06:17,789 INFO (StartupInfoLogger.java:61)- Started PlatemesApplication in 6.227 seconds (JVM running for 7.698)
2020-11-17 15:09:32,845 INFO (StartupInfoLogger.java:55)- Starting PlatemesApplication on WIN-78K7V47GIDT with PID 5552 (E:\javaCode\springboot-idea\target\classes started by Administrator in E:\javaCode\springboot-idea)
2020-11-17 15:09:32,846 INFO (SpringApplication.java:651)- No active profile set, falling back to default profiles: default
2020-11-17 15:09:34,498 INFO (StartupInfoLogger.java:61)- Started PlatemesApplication in 1.693 seconds (JVM running for 204.407)
2020-11-17 15:12:48,527 INFO (StartupInfoLogger.java:55)- Starting PlatemesApplication on WIN-78K7V47GIDT with PID 5552 (E:\javaCode\springboot-idea\target\classes started by Administrator in E:\javaCode\springboot-idea)
2020-11-17 15:12:48,528 INFO (SpringApplication.java:651)- No active profile set, falling back to default profiles: default
2020-11-17 15:12:50,091 INFO (StartupInfoLogger.java:61)- Started PlatemesApplication in 1.604 seconds (JVM running for 400.0)
